<?xml version="1.0" encoding="UTF-8"?>
<!-- Generated by org.testng.reporters.JUnitXMLReporter -->
<testsuite ignored="0" hostname="LAPTOP-U9JM6QUT" failures="1" tests="1" name="tysss" time="0.039" errors="0" timestamp="2022-10-17T09:50:16 IST">
  <testcase classname="testNG_ParsPac.PassPara" name="launchbrowser" time="0.0">
    <failure type="org.testng.TestNGException" message="
Parameter &amp;apos;tysss&amp;apos; is required by @Test on method launchbrowser but has not been marked @Optional or defined
in C:\Users\HARISH\eclipse-workspace\SDET-9\testng_ParPac.xml">
      <![CDATA[org.testng.TestNGException: 
Parameter 'tysss' is required by @Test on method launchbrowser but has not been marked @Optional or defined
in C:\Users\HARISH\eclipse-workspace\SDET-9\testng_ParPac.xml
at java.base/java.util.ArrayList.forEach(ArrayList.java:1511)
... Removed 26 stack frames]]>
    </failure>
  </testcase> <!-- launchbrowser -->
</testsuite> <!-- tysss -->
